<?xml version="1.0" encoding="UTF-8"?>
<testsuite xmlns:xsi="http://www.w3.org/2001/XMLSchema-instance" xsi:noNamespaceSchemaLocation="https://maven.apache.org/surefire/maven-surefire-plugin/xsd/surefire-test-report-3.0.xsd" version="3.0" name="TestSuite" time="39.095" tests="2" errors="0" skipped="0" failures="0">
  <properties>
    <property name="java.specification.version" value="17"/>
    <property name="webdriver.chrome.driver" value="C:\Users\Sundar\.cache\selenium\chromedriver\win32\106.0.5249.61\chromedriver.exe"/>
    <property name="sun.cpu.isalist" value="amd64"/>
    <property name="sun.jnu.encoding" value="Cp1252"/>
    <property name="sun.awt.enableExtraMouseButtons" value="true"/>
    <property name="java.class.path" value="D:\Suganya\Personal\Interview Preparation\ClipboardHealth\Workspace\AutomationFramework\target\test-classes;D:\Suganya\Personal\Interview Preparation\ClipboardHealth\Workspace\AutomationFramework\target\classes;C:\Users\Sundar\.m2\repository\org\seleniumhq\selenium\selenium-java\4.2.2\selenium-java-4.2.2.jar;C:\Users\Sundar\.m2\repository\org\seleniumhq\selenium\selenium-api\4.2.2\selenium-api-4.2.2.jar;C:\Users\Sundar\.m2\repository\org\seleniumhq\selenium\selenium-chrome-driver\4.2.2\selenium-chrome-driver-4.2.2.jar;C:\Users\Sundar\.m2\repository\com\google\auto\service\auto-service-annotations\1.0.1\auto-service-annotations-1.0.1.jar;C:\Users\Sundar\.m2\repository\com\google\auto\service\auto-service\1.0.1\auto-service-1.0.1.jar;C:\Users\Sundar\.m2\repository\com\google\auto\auto-common\1.2\auto-common-1.2.jar;C:\Users\Sundar\.m2\repository\com\google\guava\guava\31.1-jre\guava-31.1-jre.jar;C:\Users\Sundar\.m2\repository\com\google\guava\failureaccess\1.0.1\failureaccess-1.0.1.jar;C:\Users\Sundar\.m2\repository\com\google\guava\listenablefuture\9999.0-empty-to-avoid-conflict-with-guava\listenablefuture-9999.0-empty-to-avoid-conflict-with-guava.jar;C:\Users\Sundar\.m2\repository\org\checkerframework\checker-qual\3.12.0\checker-qual-3.12.0.jar;C:\Users\Sundar\.m2\repository\com\google\errorprone\error_prone_annotations\2.11.0\error_prone_annotations-2.11.0.jar;C:\Users\Sundar\.m2\repository\com\google\j2objc\j2objc-annotations\1.3\j2objc-annotations-1.3.jar;C:\Users\Sundar\.m2\repository\org\seleniumhq\selenium\selenium-chromium-driver\4.2.2\selenium-chromium-driver-4.2.2.jar;C:\Users\Sundar\.m2\repository\org\seleniumhq\selenium\selenium-json\4.2.2\selenium-json-4.2.2.jar;C:\Users\Sundar\.m2\repository\org\seleniumhq\selenium\selenium-devtools-v100\4.2.2\selenium-devtools-v100-4.2.2.jar;C:\Users\Sundar\.m2\repository\org\seleniumhq\selenium\selenium-devtools-v101\4.2.2\selenium-devtools-v101-4.2.2.jar;C:\Users\Sundar\.m2\repository\org\seleniumhq\selenium\selenium-devtools-v102\4.2.2\selenium-devtools-v102-4.2.2.jar;C:\Users\Sundar\.m2\repository\org\seleniumhq\selenium\selenium-devtools-v85\4.2.2\selenium-devtools-v85-4.2.2.jar;C:\Users\Sundar\.m2\repository\org\seleniumhq\selenium\selenium-edge-driver\4.2.2\selenium-edge-driver-4.2.2.jar;C:\Users\Sundar\.m2\repository\org\seleniumhq\selenium\selenium-firefox-driver\4.2.2\selenium-firefox-driver-4.2.2.jar;C:\Users\Sundar\.m2\repository\org\seleniumhq\selenium\selenium-ie-driver\4.2.2\selenium-ie-driver-4.2.2.jar;C:\Users\Sundar\.m2\repository\org\seleniumhq\selenium\selenium-opera-driver\4.2.2\selenium-opera-driver-4.2.2.jar;C:\Users\Sundar\.m2\repository\org\seleniumhq\selenium\selenium-remote-driver\4.2.2\selenium-remote-driver-4.2.2.jar;C:\Users\Sundar\.m2\repository\io\netty\netty-buffer\4.1.77.Final\netty-buffer-4.1.77.Final.jar;C:\Users\Sundar\.m2\repository\io\netty\netty-codec-http\4.1.77.Final\netty-codec-http-4.1.77.Final.jar;C:\Users\Sundar\.m2\repository\io\netty\netty-codec\4.1.77.Final\netty-codec-4.1.77.Final.jar;C:\Users\Sundar\.m2\repository\io\netty\netty-handler\4.1.77.Final\netty-handler-4.1.77.Final.jar;C:\Users\Sundar\.m2\repository\io\netty\netty-common\4.1.77.Final\netty-common-4.1.77.Final.jar;C:\Users\Sundar\.m2\repository\io\netty\netty-transport-classes-epoll\4.1.77.Final\netty-transport-classes-epoll-4.1.77.Final.jar;C:\Users\Sundar\.m2\repository\io\netty\netty-transport-classes-kqueue\4.1.77.Final\netty-transport-classes-kqueue-4.1.77.Final.jar;C:\Users\Sundar\.m2\repository\io\netty\netty-transport-native-epoll\4.1.77.Final\netty-transport-native-epoll-4.1.77.Final.jar;C:\Users\Sundar\.m2\repository\io\netty\netty-transport-native-kqueue\4.1.77.Final\netty-transport-native-kqueue-4.1.77.Final.jar;C:\Users\Sundar\.m2\repository\io\netty\netty-transport-native-unix-common\4.1.77.Final\netty-transport-native-unix-common-4.1.77.Final.jar;C:\Users\Sundar\.m2\repository\io\netty\netty-transport\4.1.77.Final\netty-transport-4.1.77.Final.jar;C:\Users\Sundar\.m2\repository\io\netty\netty-resolver\4.1.77.Final\netty-resolver-4.1.77.Final.jar;C:\Users\Sundar\.m2\repository\io\opentelemetry\opentelemetry-api\1.14.0\opentelemetry-api-1.14.0.jar;C:\Users\Sundar\.m2\repository\io\opentelemetry\opentelemetry-context\1.14.0\opentelemetry-context-1.14.0.jar;C:\Users\Sundar\.m2\repository\io\opentelemetry\opentelemetry-exporter-logging\1.14.0\opentelemetry-exporter-logging-1.14.0.jar;C:\Users\Sundar\.m2\repository\io\opentelemetry\opentelemetry-sdk-metrics\1.14.0\opentelemetry-sdk-metrics-1.14.0.jar;C:\Users\Sundar\.m2\repository\io\opentelemetry\opentelemetry-sdk-logs\1.14.0-alpha\opentelemetry-sdk-logs-1.14.0-alpha.jar;C:\Users\Sundar\.m2\repository\io\opentelemetry\opentelemetry-sdk-common\1.14.0\opentelemetry-sdk-common-1.14.0.jar;C:\Users\Sundar\.m2\repository\io\opentelemetry\opentelemetry-sdk-extension-autoconfigure-spi\1.14.0\opentelemetry-sdk-extension-autoconfigure-spi-1.14.0.jar;C:\Users\Sundar\.m2\repository\io\opentelemetry\opentelemetry-sdk-extension-autoconfigure\1.14.0-alpha\opentelemetry-sdk-extension-autoconfigure-1.14.0-alpha.jar;C:\Users\Sundar\.m2\repository\io\opentelemetry\opentelemetry-sdk-trace\1.14.0\opentelemetry-sdk-trace-1.14.0.jar;C:\Users\Sundar\.m2\repository\io\opentelemetry\opentelemetry-sdk\1.14.0\opentelemetry-sdk-1.14.0.jar;C:\Users\Sundar\.m2\repository\io\opentelemetry\opentelemetry-semconv\1.14.0-alpha\opentelemetry-semconv-1.14.0-alpha.jar;C:\Users\Sundar\.m2\repository\io\ous\jtoml\2.0.0\jtoml-2.0.0.jar;C:\Users\Sundar\.m2\repository\net\bytebuddy\byte-buddy\1.12.10\byte-buddy-1.12.10.jar;C:\Users\Sundar\.m2\repository\org\apache\commons\commons-exec\1.3\commons-exec-1.3.jar;C:\Users\Sundar\.m2\repository\org\asynchttpclient\async-http-client\2.12.3\async-http-client-2.12.3.jar;C:\Users\Sundar\.m2\repository\org\asynchttpclient\async-http-client-netty-utils\2.12.3\async-http-client-netty-utils-2.12.3.jar;C:\Users\Sundar\.m2\repository\io\netty\netty-codec-socks\4.1.60.Final\netty-codec-socks-4.1.60.Final.jar;C:\Users\Sundar\.m2\repository\io\netty\netty-handler-proxy\4.1.60.Final\netty-handler-proxy-4.1.60.Final.jar;C:\Users\Sundar\.m2\repository\io\netty\netty-transport-native-epoll\4.1.60.Final\netty-transport-native-epoll-4.1.60.Final-linux-x86_64.jar;C:\Users\Sundar\.m2\repository\io\netty\netty-transport-native-kqueue\4.1.60.Final\netty-transport-native-kqueue-4.1.60.Final-osx-x86_64.jar;C:\Users\Sundar\.m2\repository\com\typesafe\netty\netty-reactive-streams\2.0.4\netty-reactive-streams-2.0.4.jar;C:\Users\Sundar\.m2\repository\com\sun\activation\jakarta.activation\1.2.2\jakarta.activation-1.2.2.jar;C:\Users\Sundar\.m2\repository\org\seleniumhq\selenium\selenium-http\4.2.2\selenium-http-4.2.2.jar;C:\Users\Sundar\.m2\repository\dev\failsafe\failsafe\3.2.4\failsafe-3.2.4.jar;C:\Users\Sundar\.m2\repository\org\seleniumhq\selenium\selenium-safari-driver\4.2.2\selenium-safari-driver-4.2.2.jar;C:\Users\Sundar\.m2\repository\org\seleniumhq\selenium\selenium-support\4.2.2\selenium-support-4.2.2.jar;C:\Users\Sundar\.m2\repository\org\testng\testng\7.6.1\testng-7.6.1.jar;C:\Users\Sundar\.m2\repository\com\google\code\findbugs\jsr305\3.0.2\jsr305-3.0.2.jar;C:\Users\Sundar\.m2\repository\org\slf4j\slf4j-api\1.7.36\slf4j-api-1.7.36.jar;C:\Users\Sundar\.m2\repository\com\beust\jcommander\1.82\jcommander-1.82.jar;C:\Users\Sundar\.m2\repository\org\webjars\jquery\3.6.0\jquery-3.6.0.jar;C:\Users\Sundar\.m2\repository\org\aeonbits\owner\owner\1.0.12\owner-1.0.12.jar;C:\Users\Sundar\.m2\repository\io\github\sskorol\test-data-supplier\1.9.7\test-data-supplier-1.9.7.jar;C:\Users\Sundar\.m2\repository\org\jooq\joor\0.9.14\joor-0.9.14.jar;C:\Users\Sundar\.m2\repository\one\util\streamex\0.8.1\streamex-0.8.1.jar;C:\Users\Sundar\.m2\repository\io\vavr\vavr\0.10.4\vavr-0.10.4.jar;C:\Users\Sundar\.m2\repository\io\vavr\vavr-match\0.10.4\vavr-match-0.10.4.jar;C:\Users\Sundar\.m2\repository\org\aspectj\aspectjrt\1.9.7\aspectjrt-1.9.7.jar;C:\Users\Sundar\.m2\repository\org\reflections\reflections\0.9.11\reflections-0.9.11.jar;C:\Users\Sundar\.m2\repository\org\javassist\javassist\3.21.0-GA\javassist-3.21.0-GA.jar;C:\Users\Sundar\.m2\repository\org\apache\commons\commons-csv\1.9.0\commons-csv-1.9.0.jar;C:\Users\Sundar\.m2\repository\com\google\code\gson\gson\2.8.9\gson-2.8.9.jar;C:\Users\Sundar\.m2\repository\com\fasterxml\jackson\dataformat\jackson-dataformat-yaml\2.13.1\jackson-dataformat-yaml-2.13.1.jar;C:\Users\Sundar\.m2\repository\org\yaml\snakeyaml\1.28\snakeyaml-1.28.jar;C:\Users\Sundar\.m2\repository\com\fasterxml\jackson\core\jackson-core\2.13.1\jackson-core-2.13.1.jar;C:\Users\Sundar\.m2\repository\com\fasterxml\jackson\core\jackson-databind\2.13.1\jackson-databind-2.13.1.jar;C:\Users\Sundar\.m2\repository\com\fasterxml\jackson\core\jackson-annotations\2.13.1\jackson-annotations-2.13.1.jar;C:\Users\Sundar\.m2\repository\com\creditdatamw\labs\zerocell-core\0.5.1\zerocell-core-0.5.1.jar;C:\Users\Sundar\.m2\repository\org\apache\poi\poi\5.1.0\poi-5.1.0.jar;C:\Users\Sundar\.m2\repository\org\apache\commons\commons-collections4\4.4\commons-collections4-4.4.jar;C:\Users\Sundar\.m2\repository\org\apache\commons\commons-math3\3.6.1\commons-math3-3.6.1.jar;C:\Users\Sundar\.m2\repository\commons-io\commons-io\2.11.0\commons-io-2.11.0.jar;C:\Users\Sundar\.m2\repository\com\zaxxer\SparseBitSet\1.2\SparseBitSet-1.2.jar;C:\Users\Sundar\.m2\repository\org\apache\logging\log4j\log4j-api\2.14.1\log4j-api-2.14.1.jar;C:\Users\Sundar\.m2\repository\org\apache\poi\poi-ooxml\5.1.0\poi-ooxml-5.1.0.jar;C:\Users\Sundar\.m2\repository\org\apache\poi\poi-ooxml-lite\5.1.0\poi-ooxml-lite-5.1.0.jar;C:\Users\Sundar\.m2\repository\org\apache\xmlbeans\xmlbeans\5.0.2\xmlbeans-5.0.2.jar;C:\Users\Sundar\.m2\repository\org\apache\commons\commons-compress\1.21\commons-compress-1.21.jar;C:\Users\Sundar\.m2\repository\com\github\virtuald\curvesapi\1.06\curvesapi-1.06.jar;C:\Users\Sundar\.m2\repository\org\projectlombok\lombok\1.18.24\lombok-1.18.24.jar;C:\Users\Sundar\.m2\repository\com\aventstack\extentreports\5.0.9\extentreports-5.0.9.jar;C:\Users\Sundar\.m2\repository\io\reactivex\rxjava3\rxjava\3.0.4\rxjava-3.0.4.jar;C:\Users\Sundar\.m2\repository\org\reactivestreams\reactive-streams\1.0.3\reactive-streams-1.0.3.jar;C:\Users\Sundar\.m2\repository\org\freemarker\freemarker\2.3.30\freemarker-2.3.30.jar;C:\Users\Sundar\.m2\repository\io\github\bonigarcia\webdrivermanager\5.3.0\webdrivermanager-5.3.0.jar;C:\Users\Sundar\.m2\repository\com\github\docker-java\docker-java\3.2.13\docker-java-3.2.13.jar;C:\Users\Sundar\.m2\repository\com\github\docker-java\docker-java-core\3.2.13\docker-java-core-3.2.13.jar;C:\Users\Sundar\.m2\repository\com\github\docker-java\docker-java-api\3.2.13\docker-java-api-3.2.13.jar;C:\Users\Sundar\.m2\repository\org\bouncycastle\bcpkix-jdk15on\1.64\bcpkix-jdk15on-1.64.jar;C:\Users\Sundar\.m2\repository\org\bouncycastle\bcprov-jdk15on\1.64\bcprov-jdk15on-1.64.jar;C:\Users\Sundar\.m2\repository\org\slf4j\jcl-over-slf4j\1.7.30\jcl-over-slf4j-1.7.30.jar;C:\Users\Sundar\.m2\repository\com\github\docker-java\docker-java-transport-httpclient5\3.2.13\docker-java-transport-httpclient5-3.2.13.jar;C:\Users\Sundar\.m2\repository\com\github\docker-java\docker-java-transport\3.2.13\docker-java-transport-3.2.13.jar;C:\Users\Sundar\.m2\repository\net\java\dev\jna\jna\5.8.0\jna-5.8.0.jar;C:\Users\Sundar\.m2\repository\org\brotli\dec\0.1.2\dec-0.1.2.jar;C:\Users\Sundar\.m2\repository\org\apache\commons\commons-lang3\3.12.0\commons-lang3-3.12.0.jar;C:\Users\Sundar\.m2\repository\org\apache\httpcomponents\client5\httpclient5\5.1.3\httpclient5-5.1.3.jar;C:\Users\Sundar\.m2\repository\org\apache\httpcomponents\core5\httpcore5\5.1.3\httpcore5-5.1.3.jar;C:\Users\Sundar\.m2\repository\org\apache\httpcomponents\core5\httpcore5-h2\5.1.3\httpcore5-h2-5.1.3.jar;C:\Users\Sundar\.m2\repository\commons-codec\commons-codec\1.15\commons-codec-1.15.jar;"/>
    <property name="java.vm.vendor" value="Eclipse Adoptium"/>
    <property name="sun.arch.data.model" value="64"/>
    <property name="user.variant" value=""/>
    <property name="java.vendor.url" value="https://adoptium.net/"/>
    <property name="user.timezone" value="Asia/Calcutta"/>
    <property name="os.name" value="Windows 11"/>
    <property name="java.vm.specification.version" value="17"/>
    <property name="sun.java.launcher" value="SUN_STANDARD"/>
    <property name="user.country" value="IN"/>
    <property name="sun.boot.library.path" value="D:\Software\eclipse-java-2022-03-R-win32-x86_64\eclipse\plugins\org.eclipse.justj.openjdk.hotspot.jre.full.win32.x86_64_17.0.2.v20220201-1208\jre\bin"/>
    <property name="sun.java.command" value="C:\Users\Sundar\AppData\Local\Temp\surefire2557365178202467734\surefirebooter-20221020142408783_3.jar C:\Users\Sundar\AppData\Local\Temp\surefire2557365178202467734 2022-10-20T14-24-08_275-jvmRun1 surefire-20221020142408783_1tmp surefire_0-20221020142408783_2tmp"/>
    <property name="jdk.debug" value="release"/>
    <property name="surefire.test.class.path" value="D:\Suganya\Personal\Interview Preparation\ClipboardHealth\Workspace\AutomationFramework\target\test-classes;D:\Suganya\Personal\Interview Preparation\ClipboardHealth\Workspace\AutomationFramework\target\classes;C:\Users\Sundar\.m2\repository\org\seleniumhq\selenium\selenium-java\4.2.2\selenium-java-4.2.2.jar;C:\Users\Sundar\.m2\repository\org\seleniumhq\selenium\selenium-api\4.2.2\selenium-api-4.2.2.jar;C:\Users\Sundar\.m2\repository\org\seleniumhq\selenium\selenium-chrome-driver\4.2.2\selenium-chrome-driver-4.2.2.jar;C:\Users\Sundar\.m2\repository\com\google\auto\service\auto-service-annotations\1.0.1\auto-service-annotations-1.0.1.jar;C:\Users\Sundar\.m2\repository\com\google\auto\service\auto-service\1.0.1\auto-service-1.0.1.jar;C:\Users\Sundar\.m2\repository\com\google\auto\auto-common\1.2\auto-common-1.2.jar;C:\Users\Sundar\.m2\repository\com\google\guava\guava\31.1-jre\guava-31.1-jre.jar;C:\Users\Sundar\.m2\repository\com\google\guava\failureaccess\1.0.1\failureaccess-1.0.1.jar;C:\Users\Sundar\.m2\repository\com\google\guava\listenablefuture\9999.0-empty-to-avoid-conflict-with-guava\listenablefuture-9999.0-empty-to-avoid-conflict-with-guava.jar;C:\Users\Sundar\.m2\repository\org\checkerframework\checker-qual\3.12.0\checker-qual-3.12.0.jar;C:\Users\Sundar\.m2\repository\com\google\errorprone\error_prone_annotations\2.11.0\error_prone_annotations-2.11.0.jar;C:\Users\Sundar\.m2\repository\com\google\j2objc\j2objc-annotations\1.3\j2objc-annotations-1.3.jar;C:\Users\Sundar\.m2\repository\org\seleniumhq\selenium\selenium-chromium-driver\4.2.2\selenium-chromium-driver-4.2.2.jar;C:\Users\Sundar\.m2\repository\org\seleniumhq\selenium\selenium-json\4.2.2\selenium-json-4.2.2.jar;C:\Users\Sundar\.m2\repository\org\seleniumhq\selenium\selenium-devtools-v100\4.2.2\selenium-devtools-v100-4.2.2.jar;C:\Users\Sundar\.m2\repository\org\seleniumhq\selenium\selenium-devtools-v101\4.2.2\selenium-devtools-v101-4.2.2.jar;C:\Users\Sundar\.m2\repository\org\seleniumhq\selenium\selenium-devtools-v102\4.2.2\selenium-devtools-v102-4.2.2.jar;C:\Users\Sundar\.m2\repository\org\seleniumhq\selenium\selenium-devtools-v85\4.2.2\selenium-devtools-v85-4.2.2.jar;C:\Users\Sundar\.m2\repository\org\seleniumhq\selenium\selenium-edge-driver\4.2.2\selenium-edge-driver-4.2.2.jar;C:\Users\Sundar\.m2\repository\org\seleniumhq\selenium\selenium-firefox-driver\4.2.2\selenium-firefox-driver-4.2.2.jar;C:\Users\Sundar\.m2\repository\org\seleniumhq\selenium\selenium-ie-driver\4.2.2\selenium-ie-driver-4.2.2.jar;C:\Users\Sundar\.m2\repository\org\seleniumhq\selenium\selenium-opera-driver\4.2.2\selenium-opera-driver-4.2.2.jar;C:\Users\Sundar\.m2\repository\org\seleniumhq\selenium\selenium-remote-driver\4.2.2\selenium-remote-driver-4.2.2.jar;C:\Users\Sundar\.m2\repository\io\netty\netty-buffer\4.1.77.Final\netty-buffer-4.1.77.Final.jar;C:\Users\Sundar\.m2\repository\io\netty\netty-codec-http\4.1.77.Final\netty-codec-http-4.1.77.Final.jar;C:\Users\Sundar\.m2\repository\io\netty\netty-codec\4.1.77.Final\netty-codec-4.1.77.Final.jar;C:\Users\Sundar\.m2\repository\io\netty\netty-handler\4.1.77.Final\netty-handler-4.1.77.Final.jar;C:\Users\Sundar\.m2\repository\io\netty\netty-common\4.1.77.Final\netty-common-4.1.77.Final.jar;C:\Users\Sundar\.m2\repository\io\netty\netty-transport-classes-epoll\4.1.77.Final\netty-transport-classes-epoll-4.1.77.Final.jar;C:\Users\Sundar\.m2\repository\io\netty\netty-transport-classes-kqueue\4.1.77.Final\netty-transport-classes-kqueue-4.1.77.Final.jar;C:\Users\Sundar\.m2\repository\io\netty\netty-transport-native-epoll\4.1.77.Final\netty-transport-native-epoll-4.1.77.Final.jar;C:\Users\Sundar\.m2\repository\io\netty\netty-transport-native-kqueue\4.1.77.Final\netty-transport-native-kqueue-4.1.77.Final.jar;C:\Users\Sundar\.m2\repository\io\netty\netty-transport-native-unix-common\4.1.77.Final\netty-transport-native-unix-common-4.1.77.Final.jar;C:\Users\Sundar\.m2\repository\io\netty\netty-transport\4.1.77.Final\netty-transport-4.1.77.Final.jar;C:\Users\Sundar\.m2\repository\io\netty\netty-resolver\4.1.77.Final\netty-resolver-4.1.77.Final.jar;C:\Users\Sundar\.m2\repository\io\opentelemetry\opentelemetry-api\1.14.0\opentelemetry-api-1.14.0.jar;C:\Users\Sundar\.m2\repository\io\opentelemetry\opentelemetry-context\1.14.0\opentelemetry-context-1.14.0.jar;C:\Users\Sundar\.m2\repository\io\opentelemetry\opentelemetry-exporter-logging\1.14.0\opentelemetry-exporter-logging-1.14.0.jar;C:\Users\Sundar\.m2\repository\io\opentelemetry\opentelemetry-sdk-metrics\1.14.0\opentelemetry-sdk-metrics-1.14.0.jar;C:\Users\Sundar\.m2\repository\io\opentelemetry\opentelemetry-sdk-logs\1.14.0-alpha\opentelemetry-sdk-logs-1.14.0-alpha.jar;C:\Users\Sundar\.m2\repository\io\opentelemetry\opentelemetry-sdk-common\1.14.0\opentelemetry-sdk-common-1.14.0.jar;C:\Users\Sundar\.m2\repository\io\opentelemetry\opentelemetry-sdk-extension-autoconfigure-spi\1.14.0\opentelemetry-sdk-extension-autoconfigure-spi-1.14.0.jar;C:\Users\Sundar\.m2\repository\io\opentelemetry\opentelemetry-sdk-extension-autoconfigure\1.14.0-alpha\opentelemetry-sdk-extension-autoconfigure-1.14.0-alpha.jar;C:\Users\Sundar\.m2\repository\io\opentelemetry\opentelemetry-sdk-trace\1.14.0\opentelemetry-sdk-trace-1.14.0.jar;C:\Users\Sundar\.m2\repository\io\opentelemetry\opentelemetry-sdk\1.14.0\opentelemetry-sdk-1.14.0.jar;C:\Users\Sundar\.m2\repository\io\opentelemetry\opentelemetry-semconv\1.14.0-alpha\opentelemetry-semconv-1.14.0-alpha.jar;C:\Users\Sundar\.m2\repository\io\ous\jtoml\2.0.0\jtoml-2.0.0.jar;C:\Users\Sundar\.m2\repository\net\bytebuddy\byte-buddy\1.12.10\byte-buddy-1.12.10.jar;C:\Users\Sundar\.m2\repository\org\apache\commons\commons-exec\1.3\commons-exec-1.3.jar;C:\Users\Sundar\.m2\repository\org\asynchttpclient\async-http-client\2.12.3\async-http-client-2.12.3.jar;C:\Users\Sundar\.m2\repository\org\asynchttpclient\async-http-client-netty-utils\2.12.3\async-http-client-netty-utils-2.12.3.jar;C:\Users\Sundar\.m2\repository\io\netty\netty-codec-socks\4.1.60.Final\netty-codec-socks-4.1.60.Final.jar;C:\Users\Sundar\.m2\repository\io\netty\netty-handler-proxy\4.1.60.Final\netty-handler-proxy-4.1.60.Final.jar;C:\Users\Sundar\.m2\repository\io\netty\netty-transport-native-epoll\4.1.60.Final\netty-transport-native-epoll-4.1.60.Final-linux-x86_64.jar;C:\Users\Sundar\.m2\repository\io\netty\netty-transport-native-kqueue\4.1.60.Final\netty-transport-native-kqueue-4.1.60.Final-osx-x86_64.jar;C:\Users\Sundar\.m2\repository\com\typesafe\netty\netty-reactive-streams\2.0.4\netty-reactive-streams-2.0.4.jar;C:\Users\Sundar\.m2\repository\com\sun\activation\jakarta.activation\1.2.2\jakarta.activation-1.2.2.jar;C:\Users\Sundar\.m2\repository\org\seleniumhq\selenium\selenium-http\4.2.2\selenium-http-4.2.2.jar;C:\Users\Sundar\.m2\repository\dev\failsafe\failsafe\3.2.4\failsafe-3.2.4.jar;C:\Users\Sundar\.m2\repository\org\seleniumhq\selenium\selenium-safari-driver\4.2.2\selenium-safari-driver-4.2.2.jar;C:\Users\Sundar\.m2\repository\org\seleniumhq\selenium\selenium-support\4.2.2\selenium-support-4.2.2.jar;C:\Users\Sundar\.m2\repository\org\testng\testng\7.6.1\testng-7.6.1.jar;C:\Users\Sundar\.m2\repository\com\google\code\findbugs\jsr305\3.0.2\jsr305-3.0.2.jar;C:\Users\Sundar\.m2\repository\org\slf4j\slf4j-api\1.7.36\slf4j-api-1.7.36.jar;C:\Users\Sundar\.m2\repository\com\beust\jcommander\1.82\jcommander-1.82.jar;C:\Users\Sundar\.m2\repository\org\webjars\jquery\3.6.0\jquery-3.6.0.jar;C:\Users\Sundar\.m2\repository\org\aeonbits\owner\owner\1.0.12\owner-1.0.12.jar;C:\Users\Sundar\.m2\repository\io\github\sskorol\test-data-supplier\1.9.7\test-data-supplier-1.9.7.jar;C:\Users\Sundar\.m2\repository\org\jooq\joor\0.9.14\joor-0.9.14.jar;C:\Users\Sundar\.m2\repository\one\util\streamex\0.8.1\streamex-0.8.1.jar;C:\Users\Sundar\.m2\repository\io\vavr\vavr\0.10.4\vavr-0.10.4.jar;C:\Users\Sundar\.m2\repository\io\vavr\vavr-match\0.10.4\vavr-match-0.10.4.jar;C:\Users\Sundar\.m2\repository\org\aspectj\aspectjrt\1.9.7\aspectjrt-1.9.7.jar;C:\Users\Sundar\.m2\repository\org\reflections\reflections\0.9.11\reflections-0.9.11.jar;C:\Users\Sundar\.m2\repository\org\javassist\javassist\3.21.0-GA\javassist-3.21.0-GA.jar;C:\Users\Sundar\.m2\repository\org\apache\commons\commons-csv\1.9.0\commons-csv-1.9.0.jar;C:\Users\Sundar\.m2\repository\com\google\code\gson\gson\2.8.9\gson-2.8.9.jar;C:\Users\Sundar\.m2\repository\com\fasterxml\jackson\dataformat\jackson-dataformat-yaml\2.13.1\jackson-dataformat-yaml-2.13.1.jar;C:\Users\Sundar\.m2\repository\org\yaml\snakeyaml\1.28\snakeyaml-1.28.jar;C:\Users\Sundar\.m2\repository\com\fasterxml\jackson\core\jackson-core\2.13.1\jackson-core-2.13.1.jar;C:\Users\Sundar\.m2\repository\com\fasterxml\jackson\core\jackson-databind\2.13.1\jackson-databind-2.13.1.jar;C:\Users\Sundar\.m2\repository\com\fasterxml\jackson\core\jackson-annotations\2.13.1\jackson-annotations-2.13.1.jar;C:\Users\Sundar\.m2\repository\com\creditdatamw\labs\zerocell-core\0.5.1\zerocell-core-0.5.1.jar;C:\Users\Sundar\.m2\repository\org\apache\poi\poi\5.1.0\poi-5.1.0.jar;C:\Users\Sundar\.m2\repository\org\apache\commons\commons-collections4\4.4\commons-collections4-4.4.jar;C:\Users\Sundar\.m2\repository\org\apache\commons\commons-math3\3.6.1\commons-math3-3.6.1.jar;C:\Users\Sundar\.m2\repository\commons-io\commons-io\2.11.0\commons-io-2.11.0.jar;C:\Users\Sundar\.m2\repository\com\zaxxer\SparseBitSet\1.2\SparseBitSet-1.2.jar;C:\Users\Sundar\.m2\repository\org\apache\logging\log4j\log4j-api\2.14.1\log4j-api-2.14.1.jar;C:\Users\Sundar\.m2\repository\org\apache\poi\poi-ooxml\5.1.0\poi-ooxml-5.1.0.jar;C:\Users\Sundar\.m2\repository\org\apache\poi\poi-ooxml-lite\5.1.0\poi-ooxml-lite-5.1.0.jar;C:\Users\Sundar\.m2\repository\org\apache\xmlbeans\xmlbeans\5.0.2\xmlbeans-5.0.2.jar;C:\Users\Sundar\.m2\repository\org\apache\commons\commons-compress\1.21\commons-compress-1.21.jar;C:\Users\Sundar\.m2\repository\com\github\virtuald\curvesapi\1.06\curvesapi-1.06.jar;C:\Users\Sundar\.m2\repository\org\projectlombok\lombok\1.18.24\lombok-1.18.24.jar;C:\Users\Sundar\.m2\repository\com\aventstack\extentreports\5.0.9\extentreports-5.0.9.jar;C:\Users\Sundar\.m2\repository\io\reactivex\rxjava3\rxjava\3.0.4\rxjava-3.0.4.jar;C:\Users\Sundar\.m2\repository\org\reactivestreams\reactive-streams\1.0.3\reactive-streams-1.0.3.jar;C:\Users\Sundar\.m2\repository\org\freemarker\freemarker\2.3.30\freemarker-2.3.30.jar;C:\Users\Sundar\.m2\repository\io\github\bonigarcia\webdrivermanager\5.3.0\webdrivermanager-5.3.0.jar;C:\Users\Sundar\.m2\repository\com\github\docker-java\docker-java\3.2.13\docker-java-3.2.13.jar;C:\Users\Sundar\.m2\repository\com\github\docker-java\docker-java-core\3.2.13\docker-java-core-3.2.13.jar;C:\Users\Sundar\.m2\repository\com\github\docker-java\docker-java-api\3.2.13\docker-java-api-3.2.13.jar;C:\Users\Sundar\.m2\repository\org\bouncycastle\bcpkix-jdk15on\1.64\bcpkix-jdk15on-1.64.jar;C:\Users\Sundar\.m2\repository\org\bouncycastle\bcprov-jdk15on\1.64\bcprov-jdk15on-1.64.jar;C:\Users\Sundar\.m2\repository\org\slf4j\jcl-over-slf4j\1.7.30\jcl-over-slf4j-1.7.30.jar;C:\Users\Sundar\.m2\repository\com\github\docker-java\docker-java-transport-httpclient5\3.2.13\docker-java-transport-httpclient5-3.2.13.jar;C:\Users\Sundar\.m2\repository\com\github\docker-java\docker-java-transport\3.2.13\docker-java-transport-3.2.13.jar;C:\Users\Sundar\.m2\repository\net\java\dev\jna\jna\5.8.0\jna-5.8.0.jar;C:\Users\Sundar\.m2\repository\org\brotli\dec\0.1.2\dec-0.1.2.jar;C:\Users\Sundar\.m2\repository\org\apache\commons\commons-lang3\3.12.0\commons-lang3-3.12.0.jar;C:\Users\Sundar\.m2\repository\org\apache\httpcomponents\client5\httpclient5\5.1.3\httpclient5-5.1.3.jar;C:\Users\Sundar\.m2\repository\org\apache\httpcomponents\core5\httpcore5\5.1.3\httpcore5-5.1.3.jar;C:\Users\Sundar\.m2\repository\org\apache\httpcomponents\core5\httpcore5-h2\5.1.3\httpcore5-h2-5.1.3.jar;C:\Users\Sundar\.m2\repository\commons-codec\commons-codec\1.15\commons-codec-1.15.jar;"/>
    <property name="sun.cpu.endian" value="little"/>
    <property name="user.home" value="C:\Users\Sundar"/>
    <property name="user.language" value="en"/>
    <property name="java.specification.vendor" value="Oracle Corporation"/>
    <property name="java.version.date" value="2022-01-18"/>
    <property name="java.home" value="D:\Software\eclipse-java-2022-03-R-win32-x86_64\eclipse\plugins\org.eclipse.justj.openjdk.hotspot.jre.full.win32.x86_64_17.0.2.v20220201-1208\jre"/>
    <property name="file.separator" value="\"/>
    <property name="basedir" value="D:\Suganya\Personal\Interview Preparation\ClipboardHealth\Workspace\AutomationFramework"/>
    <property name="java.vm.compressedOopsMode" value="32-bit"/>
    <property name="line.separator" value="&#10;"/>
    <property name="java.vm.specification.vendor" value="Oracle Corporation"/>
    <property name="java.specification.name" value="Java Platform API Specification"/>
    <property name="surefire.real.class.path" value="C:\Users\Sundar\AppData\Local\Temp\surefire2557365178202467734\surefirebooter-20221020142408783_3.jar"/>
    <property name="user.script" value=""/>
    <property name="sun.management.compiler" value="HotSpot 64-Bit Tiered Compilers"/>
    <property name="java.runtime.version" value="17.0.2+8"/>
    <property name="user.name" value="Sundar"/>
    <property name="path.separator" value=";"/>
    <property name="os.version" value="10.0"/>
    <property name="java.runtime.name" value="OpenJDK Runtime Environment"/>
    <property name="file.encoding" value="Cp1252"/>
    <property name="java.vm.name" value="OpenJDK 64-Bit Server VM"/>
    <property name="java.vendor.version" value="Temurin-17.0.2+8"/>
    <property name="localRepository" value="C:\Users\Sundar\.m2\repository"/>
    <property name="java.vendor.url.bug" value="https://github.com/adoptium/adoptium-support/issues"/>
    <property name="java.io.tmpdir" value="C:\Users\Sundar\AppData\Local\Temp\"/>
    <property name="java.version" value="17.0.2"/>
    <property name="user.dir" value="D:\Suganya\Personal\Interview Preparation\ClipboardHealth\Workspace\AutomationFramework"/>
    <property name="os.arch" value="amd64"/>
    <property name="webdriver.gecko.driver" value="C:\Users\Sundar\.cache\selenium\geckodriver\win64\0.32.0\geckodriver.exe"/>
    <property name="java.vm.specification.name" value="Java Virtual Machine Specification"/>
    <property name="sun.os.patch.level" value=""/>
    <property name="native.encoding" value="Cp1252"/>
    <property name="java.library.path" value="D:\Software\eclipse-java-2022-03-R-win32-x86_64\eclipse\plugins\org.eclipse.justj.openjdk.hotspot.jre.full.win32.x86_64_17.0.2.v20220201-1208\jre\bin;C:\WINDOWS\Sun\Java\bin;C:\WINDOWS\system32;C:\WINDOWS;D:/Software/eclipse-java-2022-03-R-win32-x86_64/eclipse//plugins/org.eclipse.justj.openjdk.hotspot.jre.full.win32.x86_64_17.0.2.v20220201-1208/jre/bin/server;D:/Software/eclipse-java-2022-03-R-win32-x86_64/eclipse//plugins/org.eclipse.justj.openjdk.hotspot.jre.full.win32.x86_64_17.0.2.v20220201-1208/jre/bin;C:\Python39\Scripts\;C:\Python39\;C:\Program Files (x86)\Common Files\Oracle\Java\javapath;C:\Program Files\Python\Python37\Scripts\;C:\Program Files\Python\Python37\;C:\WINDOWS\system32;C:\WINDOWS;C:\WINDOWS\System32\Wbem;C:\WINDOWS\System32\WindowsPowerShell\v1.0\;C:\WINDOWS\System32\OpenSSH\;D:\Software\terraform;C:\Users\Sundar\.poetry\bin;D:\Software\kubectl;C:\ProgramData\chocolatey\bin;C:\WINDOWS\system32;C:\WINDOWS;C:\WINDOWS\System32\Wbem;C:\WINDOWS\System32\WindowsPowerShell\v1.0\;C:\WINDOWS\System32\OpenSSH\;%JAVA_HOME%\bin;%MAVEN_HOME%\bin;;C:\Program Files\Docker\Docker\resources\bin;C:\ProgramData\DockerDesktop\version-bin;C:\Users\Sundar\.poetry\bin;C:\Users\Sundar\AppData\Local\Microsoft\WindowsApps;C:\Program Files\JetBrains\IntelliJ IDEA 2019.3.3\bin;C:\Program Files\JetBrains\PyCharm 2020.1.1\bin;C:\Program Files\Python\Python37;D:\Software\ffmpeg\bin;D:\Software\apache-maven-3.6.3\bin;C:\Program Files\JetBrains\PyCharm 2021.1.1\bin;C:\Program Files\JetBrains\IntelliJ IDEA 2021.1.1\bin;;C:\Program Files\JetBrains\WebStorm 2021.2.3\bin;;C:\Program Files\JetBrains\CLion 2021.2.3\bin;;C:\Users\Sundar\AppData\Local\Microsoft\WindowsApps;D:\Software\jdk-11.0.15.1\bin;C:\Program Files\JetBrains\IntelliJ IDEA Community Edition 2022.1.2\bin;;C:\Users\Sundar\AppData\Local\GitHubDesktop\bin;D:\Software\eclipse-java-2022-03-R-win32-x86_64\eclipse;;."/>
    <property name="java.vm.info" value="mixed mode"/>
    <property name="java.vendor" value="Eclipse Adoptium"/>
    <property name="java.vm.version" value="17.0.2+8"/>
    <property name="sun.io.unicode.encoding" value="UnicodeLittle"/>
    <property name="java.class.version" value="61.0"/>
  </properties>
  <testcase name="test1[com.amazon.dataprovider.AmazonTestData@9caea11](1)" classname="com.amazon.tests.AmazonTest" time="19.879">
    <system-err><![CDATA[SLF4J: Failed to load class "org.slf4j.impl.StaticLoggerBinder".
SLF4J: Defaulting to no-operation (NOP) logger implementation
SLF4J: See http://www.slf4j.org/codes.html#StaticLoggerBinder for further details.
ERROR StatusLogger Log4j2 could not find a logging implementation. Please add log4j-core to the classpath. Using SimpleLogger to log to the console...
1666256052385	geckodriver	INFO	Listening on 127.0.0.1:63540
Starting ChromeDriver 106.0.5249.61 (511755355844955cd3e264779baf0dd38212a4d0-refs/branch-heads/5249@{#569}) on port 64916
Only local connections are allowed.
Please see https://chromedriver.chromium.org/security-considerations for suggestions on keeping ChromeDriver safe.
ChromeDriver was started successfully.
1666256052756	mozrunner::runner	INFO	Running command: "C:\\Program Files\\Mozilla Firefox\\firefox.exe" "--marionette" "--remote-debugging-port" "55231" "--remote-allow-hosts" "localhost" "--remote-allow-origins" "http://localhost:55231/" "-no-remote" "-profile" "C:\\Users\\Sundar\\AppData\\Local\\Temp\\rust_mozprofilejrlDjE"
1666256053578	Marionette	INFO	Marionette enabled
1666256053590	Marionette	INFO	Listening on port 59538
Oct 20, 2022 2:24:13 PM org.openqa.selenium.remote.ProtocolHandshake createSession
INFO: Detected upstream dialect: W3C
Read port: 59538
Oct 20, 2022 2:24:13 PM org.openqa.selenium.devtools.CdpVersionFinder findNearestMatch
WARNING: Unable to find an exact match for CDP version 106, so returning the closest version found: 102
Oct 20, 2022 2:24:13 PM org.openqa.selenium.devtools.CdpVersionFinder findNearestMatch
INFO: Found CDP implementation for version 106 of 102
WebDriver BiDi listening on ws://127.0.0.1:55231
1666256053927	RemoteAgent	WARN	TLS certificate errors will be ignored for this session
console.warn: SearchSettings: "get: No settings file exists, new profile?" (new NotFoundError("Could not open the file at C:\\Users\\Sundar\\AppData\\Local\\Temp\\rust_mozprofilejrlDjE\\search.json.mozlz4", (void 0)))
DevTools listening on ws://127.0.0.1:55231/devtools/browser/46ed9f44-f7b3-4419-8235-b0dc4d22cdc6
Oct 20, 2022 2:24:16 PM org.openqa.selenium.remote.ProtocolHandshake createSession
INFO: Detected upstream dialect: W3C
JavaScript error: resource://gre/modules/URIFixup.jsm, line 307: NS_ERROR_FAILURE: Should pass a non-null uri
JavaScript warning: https://www.amazon.in/ line 7 > injectedScript, line 1: WEBGL_debug_renderer_info is deprecated in Firefox and will be removed. Please use RENDERER.
JavaScript warning: https://www.amazon.in/gp/browse.html?node=1389396031&ref_=nav_em_sbc_tvelec_television_0_2_9_2 line 7 > injectedScript, line 1: WEBGL_debug_renderer_info is deprecated in Firefox and will be removed. Please use RENDERER.
JavaScript warning: https://www.amazon.in/s?bbn=1389396031&rh=n%3A1389396031%2Cp_89%3ALG&dc&qid=1666256063&rnid=3837712031&ref=lp_1389396031_nr_p_89_3 line 7 > injectedScript, line 1: WEBGL_debug_renderer_info is deprecated in Firefox and will be removed. Please use RENDERER.
JavaScript warning: https://www.amazon.in/s?i=electronics&bbn=1389396031&rh=n%3A1389396031%2Cp_89%3ALG&s=price-asc-rank&dc&ds=v1%3AxAqc%2F5DMT%2FFBIWTMwe34jxgZSKMlbjOl0iLHtc5wwvI&qid=1666256070&rnid=3837712031&ref=sr_st_price-asc-rank line 7 > injectedScript, line 1: WEBGL_debug_renderer_info is deprecated in Firefox and will be removed. Please use RENDERER.
]]></system-err>
  </testcase>
  <testcase name="test1[com.amazon.dataprovider.AmazonTestData@4161cf46](2)" classname="com.amazon.tests.AmazonTest" time="24.915">
    <system-err><![CDATA[1666256079749	Marionette	INFO	Stopped listening on port 59538
JavaScript error: https://images-eu.ssl-images-amazon.com/images/I/61NeHXhGwSL.js?AUIClients/AmazonUIjQuery&KK9dlo3A#412402-T1.412405-T1, line 45: TypeError: a is undefined
]]></system-err>
  </testcase>
</testsuite>