<?xml version="1.0" encoding="UTF-8"?>
<!-- Generated by org.testng.reporters.JUnitReportReporter -->
<testsuite hostname="DESKTOP-3NTDLTF" failures="0" tests="2" name="com.amazon.tests.AmazonTest" time="84.499" errors="1" timestamp="2022-10-20T11:35:00 IST" skipped="0">
  <testcase classname="com.amazon.tests.AmazonTest" name="test1" time="40.811"/>
  <system-out/>
  <testcase classname="com.amazon.tests.AmazonTest" name="test1" time="43.688">
    <error message="No element found using locator - By.xpath: //span[text()=&#039;Show Less&#039;]" type="com.amazon.exceptions.WebElementNotFoundException">
      <![CDATA[com.amazon.exceptions.WebElementNotFoundException: No element found using locator - By.xpath: //span[text()='Show Less']
at com.amazon.factories.ExplicitWaitFactory.performExplicitWait(ExplicitWaitFactory.java:65)
at com.amazon.pages.AmazonProductPage.getProductDetails(AmazonProductPage.java:62)
at com.amazon.tests.AmazonTest.test1(AmazonTest.java:55)
at java.base/jdk.internal.reflect.NativeMethodAccessorImpl.invoke0(Native Method)
at java.base/jdk.internal.reflect.NativeMethodAccessorImpl.invoke(NativeMethodAccessorImpl.java:77)
at java.base/jdk.internal.reflect.DelegatingMethodAccessorImpl.invoke(DelegatingMethodAccessorImpl.java:43)
at java.base/java.lang.reflect.Method.invoke(Method.java:568)
at org.testng.internal.invokers.MethodInvocationHelper.invokeMethod(MethodInvocationHelper.java:139)
at org.testng.internal.invokers.TestInvoker.invokeMethod(TestInvoker.java:677)
at org.testng.internal.invokers.TestInvoker.invokeTestMethod(TestInvoker.java:221)
at org.testng.internal.invokers.TestMethodWithDataProviderMethodWorker.call(TestMethodWithDataProviderMethodWorker.java:80)
at org.testng.internal.invokers.TestMethodWithDataProviderMethodWorker.call(TestMethodWithDataProviderMethodWorker.java:17)
at java.base/java.util.concurrent.FutureTask.run(FutureTask.java:264)
at java.base/java.util.concurrent.Executors$RunnableAdapter.call(Executors.java:539)
at java.base/java.util.concurrent.FutureTask.run(FutureTask.java:264)
at java.base/java.util.concurrent.ThreadPoolExecutor.runWorker(ThreadPoolExecutor.java:1136)
at java.base/java.util.concurrent.ThreadPoolExecutor$Worker.run(ThreadPoolExecutor.java:635)
at java.base/java.lang.Thread.run(Thread.java:833)
]]>
    </error>
  </testcase> <!-- test1 -->
  <system-out/>
</testsuite> <!-- com.amazon.tests.AmazonTest -->
