<?xml version="1.0" encoding="UTF-8"?>
<!-- Generated by org.testng.reporters.JUnitReportReporter -->
<testsuite hostname="DESKTOP-3NTDLTF" failures="0" tests="2" name="com.amazon.tests.AmazonTest" time="65.363" errors="0" timestamp="2022-10-20T14:24:48 IST" skipped="0">
  <testcase classname="com.amazon.tests.AmazonTest" name="test1" time="33.932"/>
  <system-out/>
  <testcase classname="com.amazon.tests.AmazonTest" name="test1" time="31.431"/>
  <system-out/>
</testsuite> <!-- com.amazon.tests.AmazonTest -->
